[0.542s] Invoking command in '/home/haicoi/smart_camera_demo/build/smart_camera': PYTHONPATH=/home/haicoi/smart_camera_demo/build/smart_camera/prefix_override:/usr/lib/python3/dist-packages/colcon_core/task/python/colcon_distutils_commands:/home/haicoi/smart_camera_demo/install/smart_camera/lib/python3.10/site-packages:${PYTHONPATH} /usr/bin/python3 -W ignore:setup.py install is deprecated -W ignore:easy_install command is deprecated setup.py develop --editable --build-directory /home/haicoi/smart_camera_demo/build/smart_camera/build --no-deps symlink_data
[0.695s] running develop
[0.775s] running egg_info
[0.775s] creating smart_camera.egg-info
[0.775s] writing smart_camera.egg-info/PKG-INFO
[0.776s] writing dependency_links to smart_camera.egg-info/dependency_links.txt
[0.776s] writing entry points to smart_camera.egg-info/entry_points.txt
[0.776s] writing requirements to smart_camera.egg-info/requires.txt
[0.776s] writing top-level names to smart_camera.egg-info/top_level.txt
[0.776s] writing manifest file 'smart_camera.egg-info/SOURCES.txt'
[0.777s] reading manifest file 'smart_camera.egg-info/SOURCES.txt'
[0.777s] writing manifest file 'smart_camera.egg-info/SOURCES.txt'
[0.778s] running build_ext
[0.778s] Creating /home/haicoi/smart_camera_demo/install/smart_camera/lib/python3.10/site-packages/smart-camera.egg-link (link to .)
[0.779s] 
[0.779s] Installed /home/haicoi/smart_camera_demo/build/smart_camera
[0.779s] running symlink_data
[0.779s] creating /home/haicoi/smart_camera_demo/install/smart_camera/share/ament_index
[0.779s] creating /home/haicoi/smart_camera_demo/install/smart_camera/share/ament_index/resource_index
[0.779s] creating /home/haicoi/smart_camera_demo/install/smart_camera/share/ament_index/resource_index/packages
[0.780s] symbolically linking /home/haicoi/smart_camera_demo/build/smart_camera/resource/smart_camera -> /home/haicoi/smart_camera_demo/install/smart_camera/share/ament_index/resource_index/packages
[0.780s] symbolically linking /home/haicoi/smart_camera_demo/build/smart_camera/package.xml -> /home/haicoi/smart_camera_demo/install/smart_camera/share/smart_camera
[0.808s] Invoked command in '/home/haicoi/smart_camera_demo/build/smart_camera' returned '0': PYTHONPATH=/home/haicoi/smart_camera_demo/build/smart_camera/prefix_override:/usr/lib/python3/dist-packages/colcon_core/task/python/colcon_distutils_commands:/home/haicoi/smart_camera_demo/install/smart_camera/lib/python3.10/site-packages:${PYTHONPATH} /usr/bin/python3 -W ignore:setup.py install is deprecated -W ignore:easy_install command is deprecated setup.py develop --editable --build-directory /home/haicoi/smart_camera_demo/build/smart_camera/build --no-deps symlink_data
