[0.132s] DEBUG:colcon:Command line arguments: ['/usr/bin/colcon', 'build', '--symlink-install']
[0.132s] DEBUG:colcon:Parsed command line arguments: Namespace(log_base=None, log_level=None, verb_name='build', build_base='build', install_base='install', merge_install=False, symlink_install=True, test_result_base=None, continue_on_error=False, executor='parallel', parallel_workers=12, event_handlers=None, ignore_user_meta=False, metas=['./colcon.meta'], base_paths=['.'], packages_ignore=None, packages_ignore_regex=None, paths=None, packages_up_to=None, packages_up_to_regex=None, packages_above=None, packages_above_and_dependencies=None, packages_above_depth=None, packages_select_by_dep=None, packages_skip_by_dep=None, packages_skip_up_to=None, packages_select_build_failed=False, packages_skip_build_finished=False, packages_select_test_failures=False, packages_skip_test_passed=False, packages_select=None, packages_skip=None, packages_select_regex=None, packages_skip_regex=None, packages_start=None, packages_end=None, allow_overriding=[], cmake_args=None, cmake_target=None, cmake_target_skip_unavailable=False, cmake_clean_cache=False, cmake_clean_first=False, cmake_force_configure=False, ament_cmake_args=None, catkin_cmake_args=None, catkin_skip_building_tests=False, verb_parser=<colcon_defaults.argument_parser.defaults.DefaultArgumentsDecorator object at 0x7f4afe244910>, verb_extension=<colcon_core.verb.build.BuildVerb object at 0x7f4afe244130>, main=<bound method BuildVerb.main of <colcon_core.verb.build.BuildVerb object at 0x7f4afe244130>>)
[0.210s] Level 1:colcon.colcon_core.package_discovery:discover_packages(colcon_meta) check parameters
[0.210s] Level 1:colcon.colcon_core.package_discovery:discover_packages(recursive) check parameters
[0.211s] Level 1:colcon.colcon_core.package_discovery:discover_packages(ignore) check parameters
[0.211s] Level 1:colcon.colcon_core.package_discovery:discover_packages(path) check parameters
[0.211s] Level 1:colcon.colcon_core.package_discovery:discover_packages(colcon_meta) discover
[0.211s] Level 1:colcon.colcon_core.package_discovery:discover_packages(recursive) discover
[0.211s] INFO:colcon.colcon_core.package_discovery:Crawling recursively for packages in '/home/haicoi/smart_camera_demo'
[0.211s] Level 1:colcon.colcon_core.package_identification:_identify(.) by extensions ['ignore', 'ignore_ament_install']
[0.211s] Level 1:colcon.colcon_core.package_identification:_identify(.) by extension 'ignore'
[0.211s] Level 1:colcon.colcon_core.package_identification:_identify(.) by extension 'ignore_ament_install'
[0.211s] Level 1:colcon.colcon_core.package_identification:_identify(.) by extensions ['colcon_pkg']
[0.211s] Level 1:colcon.colcon_core.package_identification:_identify(.) by extension 'colcon_pkg'
[0.211s] Level 1:colcon.colcon_core.package_identification:_identify(.) by extensions ['colcon_meta']
[0.211s] Level 1:colcon.colcon_core.package_identification:_identify(.) by extension 'colcon_meta'
[0.211s] Level 1:colcon.colcon_core.package_identification:_identify(.) by extensions ['ros']
[0.211s] Level 1:colcon.colcon_core.package_identification:_identify(.) by extension 'ros'
[0.218s] Level 1:colcon.colcon_core.package_identification:_identify(.) by extensions ['cmake', 'python']
[0.218s] Level 1:colcon.colcon_core.package_identification:_identify(.) by extension 'cmake'
[0.218s] Level 1:colcon.colcon_core.package_identification:_identify(.) by extension 'python'
[0.218s] Level 1:colcon.colcon_core.package_identification:_identify(.) by extensions ['python_setup_py']
[0.218s] Level 1:colcon.colcon_core.package_identification:_identify(.) by extension 'python_setup_py'
[0.218s] Level 1:colcon.colcon_core.package_identification:_identify(build) by extensions ['ignore', 'ignore_ament_install']
[0.218s] Level 1:colcon.colcon_core.package_identification:_identify(build) by extension 'ignore'
[0.218s] Level 1:colcon.colcon_core.package_identification:_identify(build) ignored
[0.218s] Level 1:colcon.colcon_core.package_identification:_identify(install) by extensions ['ignore', 'ignore_ament_install']
[0.218s] Level 1:colcon.colcon_core.package_identification:_identify(install) by extension 'ignore'
[0.218s] Level 1:colcon.colcon_core.package_identification:_identify(install) ignored
[0.218s] Level 1:colcon.colcon_core.package_identification:_identify(log) by extensions ['ignore', 'ignore_ament_install']
[0.218s] Level 1:colcon.colcon_core.package_identification:_identify(log) by extension 'ignore'
[0.218s] Level 1:colcon.colcon_core.package_identification:_identify(log) ignored
[0.218s] Level 1:colcon.colcon_core.package_identification:_identify(smart_camera) by extensions ['ignore', 'ignore_ament_install']
[0.218s] Level 1:colcon.colcon_core.package_identification:_identify(smart_camera) by extension 'ignore'
[0.218s] Level 1:colcon.colcon_core.package_identification:_identify(smart_camera) by extension 'ignore_ament_install'
[0.218s] Level 1:colcon.colcon_core.package_identification:_identify(smart_camera) by extensions ['colcon_pkg']
[0.218s] Level 1:colcon.colcon_core.package_identification:_identify(smart_camera) by extension 'colcon_pkg'
[0.218s] Level 1:colcon.colcon_core.package_identification:_identify(smart_camera) by extensions ['colcon_meta']
[0.218s] Level 1:colcon.colcon_core.package_identification:_identify(smart_camera) by extension 'colcon_meta'
[0.218s] Level 1:colcon.colcon_core.package_identification:_identify(smart_camera) by extensions ['ros']
[0.218s] Level 1:colcon.colcon_core.package_identification:_identify(smart_camera) by extension 'ros'
[0.220s] DEBUG:colcon.colcon_core.package_identification:Package 'smart_camera' with type 'ros.ament_python' and name 'smart_camera'
[0.220s] Level 1:colcon.colcon_core.package_identification:_identify(video) by extensions ['ignore', 'ignore_ament_install']
[0.220s] Level 1:colcon.colcon_core.package_identification:_identify(video) by extension 'ignore'
[0.220s] Level 1:colcon.colcon_core.package_identification:_identify(video) by extension 'ignore_ament_install'
[0.220s] Level 1:colcon.colcon_core.package_identification:_identify(video) by extensions ['colcon_pkg']
[0.220s] Level 1:colcon.colcon_core.package_identification:_identify(video) by extension 'colcon_pkg'
[0.220s] Level 1:colcon.colcon_core.package_identification:_identify(video) by extensions ['colcon_meta']
[0.220s] Level 1:colcon.colcon_core.package_identification:_identify(video) by extension 'colcon_meta'
[0.220s] Level 1:colcon.colcon_core.package_identification:_identify(video) by extensions ['ros']
[0.220s] Level 1:colcon.colcon_core.package_identification:_identify(video) by extension 'ros'
[0.220s] Level 1:colcon.colcon_core.package_identification:_identify(video) by extensions ['cmake', 'python']
[0.220s] Level 1:colcon.colcon_core.package_identification:_identify(video) by extension 'cmake'
[0.220s] Level 1:colcon.colcon_core.package_identification:_identify(video) by extension 'python'
[0.220s] Level 1:colcon.colcon_core.package_identification:_identify(video) by extensions ['python_setup_py']
[0.220s] Level 1:colcon.colcon_core.package_identification:_identify(video) by extension 'python_setup_py'
[0.220s] Level 1:colcon.colcon_core.package_discovery:discover_packages(recursive) using defaults
[0.220s] Level 1:colcon.colcon_core.package_discovery:discover_packages(ignore) discover
[0.220s] Level 1:colcon.colcon_core.package_discovery:discover_packages(ignore) using defaults
[0.220s] Level 1:colcon.colcon_core.package_discovery:discover_packages(path) discover
[0.220s] Level 1:colcon.colcon_core.package_discovery:discover_packages(path) using defaults
[0.231s] Level 1:colcon.colcon_core.package_discovery:discover_packages(prefix_path) check parameters
[0.232s] Level 1:colcon.colcon_core.package_discovery:discover_packages(prefix_path) discover
[0.232s] DEBUG:colcon.colcon_installed_package_information.package_discovery:Found 2 installed packages in /home/haicoi/smart_camera_demo/install
[0.233s] DEBUG:colcon.colcon_installed_package_information.package_discovery:Found 271 installed packages in /opt/ros/humble
[0.239s] Level 1:colcon.colcon_core.package_discovery:discover_packages(prefix_path) using defaults
[0.257s] Level 5:colcon.colcon_core.verb:set package 'smart_camera' build argument 'cmake_args' from command line to 'None'
[0.257s] Level 5:colcon.colcon_core.verb:set package 'smart_camera' build argument 'cmake_target' from command line to 'None'
[0.257s] Level 5:colcon.colcon_core.verb:set package 'smart_camera' build argument 'cmake_target_skip_unavailable' from command line to 'False'
[0.257s] Level 5:colcon.colcon_core.verb:set package 'smart_camera' build argument 'cmake_clean_cache' from command line to 'False'
[0.257s] Level 5:colcon.colcon_core.verb:set package 'smart_camera' build argument 'cmake_clean_first' from command line to 'False'
[0.257s] Level 5:colcon.colcon_core.verb:set package 'smart_camera' build argument 'cmake_force_configure' from command line to 'False'
[0.257s] Level 5:colcon.colcon_core.verb:set package 'smart_camera' build argument 'ament_cmake_args' from command line to 'None'
[0.257s] Level 5:colcon.colcon_core.verb:set package 'smart_camera' build argument 'catkin_cmake_args' from command line to 'None'
[0.257s] Level 5:colcon.colcon_core.verb:set package 'smart_camera' build argument 'catkin_skip_building_tests' from command line to 'False'
[0.257s] DEBUG:colcon.colcon_core.verb:Building package 'smart_camera' with the following arguments: {'ament_cmake_args': None, 'build_base': '/home/haicoi/smart_camera_demo/build/smart_camera', 'catkin_cmake_args': None, 'catkin_skip_building_tests': False, 'cmake_args': None, 'cmake_clean_cache': False, 'cmake_clean_first': False, 'cmake_force_configure': False, 'cmake_target': None, 'cmake_target_skip_unavailable': False, 'install_base': '/home/haicoi/smart_camera_demo/install/smart_camera', 'merge_install': False, 'path': '/home/haicoi/smart_camera_demo/smart_camera', 'symlink_install': True, 'test_result_base': None}
[0.257s] INFO:colcon.colcon_core.executor:Executing jobs using 'parallel' executor
[0.258s] DEBUG:colcon.colcon_parallel_executor.executor.parallel:run_until_complete
[0.258s] INFO:colcon.colcon_ros.task.ament_python.build:Building ROS package in '/home/haicoi/smart_camera_demo/smart_camera' with build type 'ament_python'
[0.258s] Level 1:colcon.colcon_core.shell:create_environment_hook('smart_camera', 'ament_prefix_path')
[0.259s] INFO:colcon.colcon_core.plugin_system:Skipping extension 'colcon_core.shell.bat': Not used on non-Windows systems
[0.259s] INFO:colcon.colcon_core.shell:Creating environment hook '/home/haicoi/smart_camera_demo/install/smart_camera/share/smart_camera/hook/ament_prefix_path.ps1'
[0.260s] INFO:colcon.colcon_core.shell:Creating environment descriptor '/home/haicoi/smart_camera_demo/install/smart_camera/share/smart_camera/hook/ament_prefix_path.dsv'
[0.260s] INFO:colcon.colcon_core.shell:Creating environment hook '/home/haicoi/smart_camera_demo/install/smart_camera/share/smart_camera/hook/ament_prefix_path.sh'
[0.261s] INFO:colcon.colcon_core.shell:Skip shell extension 'powershell' for command environment: Not usable outside of PowerShell
[0.261s] DEBUG:colcon.colcon_core.shell:Skip shell extension 'dsv' for command environment
[0.401s] INFO:colcon.colcon_core.task.python.build:Building Python package in '/home/haicoi/smart_camera_demo/smart_camera'
[0.402s] INFO:colcon.colcon_core.shell:Skip shell extension 'powershell' for command environment: Not usable outside of PowerShell
[0.402s] DEBUG:colcon.colcon_core.shell:Skip shell extension 'dsv' for command environment
[0.593s] DEBUG:colcon.colcon_core.event_handler.log_command:Invoking command in '/home/haicoi/smart_camera_demo/build/smart_camera': PYTHONPATH=/home/haicoi/smart_camera_demo/build/smart_camera/prefix_override:/usr/lib/python3/dist-packages/colcon_core/task/python/colcon_distutils_commands:/home/haicoi/smart_camera_demo/install/smart_camera/lib/python3.10/site-packages:${PYTHONPATH} /usr/bin/python3 -W ignore:setup.py install is deprecated -W ignore:easy_install command is deprecated setup.py develop --editable --build-directory /home/haicoi/smart_camera_demo/build/smart_camera/build --no-deps symlink_data
[0.820s] Level 1:colcon.colcon_core.shell:create_environment_hook('smart_camera', 'pythonpath_develop')
[0.820s] INFO:colcon.colcon_core.shell:Creating environment hook '/home/haicoi/smart_camera_demo/build/smart_camera/share/smart_camera/hook/pythonpath_develop.ps1'
[0.820s] DEBUG:colcon.colcon_core.event_handler.log_command:Invoked command in '/home/haicoi/smart_camera_demo/build/smart_camera' returned '0': PYTHONPATH=/home/haicoi/smart_camera_demo/build/smart_camera/prefix_override:/usr/lib/python3/dist-packages/colcon_core/task/python/colcon_distutils_commands:/home/haicoi/smart_camera_demo/install/smart_camera/lib/python3.10/site-packages:${PYTHONPATH} /usr/bin/python3 -W ignore:setup.py install is deprecated -W ignore:easy_install command is deprecated setup.py develop --editable --build-directory /home/haicoi/smart_camera_demo/build/smart_camera/build --no-deps symlink_data
[0.821s] INFO:colcon.colcon_core.shell:Creating environment descriptor '/home/haicoi/smart_camera_demo/build/smart_camera/share/smart_camera/hook/pythonpath_develop.dsv'
[0.821s] INFO:colcon.colcon_core.shell:Creating environment hook '/home/haicoi/smart_camera_demo/build/smart_camera/share/smart_camera/hook/pythonpath_develop.sh'
[0.823s] Level 1:colcon.colcon_core.environment:checking '/home/haicoi/smart_camera_demo/install/smart_camera' for CMake module files
[0.823s] Level 1:colcon.colcon_core.environment:checking '/home/haicoi/smart_camera_demo/install/smart_camera' for CMake config files
[0.823s] Level 1:colcon.colcon_core.environment:checking '/home/haicoi/smart_camera_demo/install/smart_camera/lib'
[0.823s] Level 1:colcon.colcon_core.environment:checking '/home/haicoi/smart_camera_demo/install/smart_camera/bin'
[0.823s] Level 1:colcon.colcon_core.environment:checking '/home/haicoi/smart_camera_demo/install/smart_camera/lib/pkgconfig/smart_camera.pc'
[0.824s] Level 1:colcon.colcon_core.environment:checking '/home/haicoi/smart_camera_demo/install/smart_camera/lib/python3.10/site-packages'
[0.824s] Level 1:colcon.colcon_core.shell:create_environment_hook('smart_camera', 'pythonpath')
[0.824s] INFO:colcon.colcon_core.shell:Creating environment hook '/home/haicoi/smart_camera_demo/install/smart_camera/share/smart_camera/hook/pythonpath.ps1'
[0.824s] INFO:colcon.colcon_core.shell:Creating environment descriptor '/home/haicoi/smart_camera_demo/install/smart_camera/share/smart_camera/hook/pythonpath.dsv'
[0.824s] INFO:colcon.colcon_core.shell:Creating environment hook '/home/haicoi/smart_camera_demo/install/smart_camera/share/smart_camera/hook/pythonpath.sh'
[0.825s] Level 1:colcon.colcon_core.environment:checking '/home/haicoi/smart_camera_demo/install/smart_camera/bin'
[0.825s] Level 1:colcon.colcon_core.environment:create_environment_scripts_only(smart_camera)
[0.825s] INFO:colcon.colcon_core.shell:Creating package script '/home/haicoi/smart_camera_demo/install/smart_camera/share/smart_camera/package.ps1'
[0.826s] INFO:colcon.colcon_core.shell:Creating package descriptor '/home/haicoi/smart_camera_demo/install/smart_camera/share/smart_camera/package.dsv'
[0.826s] INFO:colcon.colcon_core.shell:Creating package script '/home/haicoi/smart_camera_demo/install/smart_camera/share/smart_camera/package.sh'
[0.827s] INFO:colcon.colcon_core.shell:Creating package script '/home/haicoi/smart_camera_demo/install/smart_camera/share/smart_camera/package.bash'
[0.828s] INFO:colcon.colcon_core.shell:Creating package script '/home/haicoi/smart_camera_demo/install/smart_camera/share/smart_camera/package.zsh'
[0.828s] Level 1:colcon.colcon_core.environment:create_file_with_runtime_dependencies(/home/haicoi/smart_camera_demo/install/smart_camera/share/colcon-core/packages/smart_camera)
[0.828s] DEBUG:colcon.colcon_parallel_executor.executor.parallel:closing loop
[0.829s] DEBUG:colcon.colcon_parallel_executor.executor.parallel:loop closed
[0.829s] DEBUG:colcon.colcon_parallel_executor.executor.parallel:run_until_complete finished with '0'
[0.829s] DEBUG:colcon.colcon_core.event_reactor:joining thread
[0.865s] INFO:colcon.colcon_core.plugin_system:Skipping extension 'colcon_notification.desktop_notification.notify_send': Could not find 'notify-send'
[0.865s] INFO:colcon.colcon_core.plugin_system:Skipping extension 'colcon_notification.desktop_notification.terminal_notifier': Not used on non-Darwin systems
[0.865s] INFO:colcon.colcon_core.plugin_system:Skipping extension 'colcon_notification.desktop_notification.win32': Not used on non-Windows systems
[0.865s] INFO:colcon.colcon_notification.desktop_notification:Sending desktop notification using 'notify2'
[0.865s] DEBUG:colcon.colcon_notification.desktop_notification.notify2:Failed to initialize notify2: org.freedesktop.DBus.Error.FileNotFound: Failed to connect to socket /run/user/1000/bus: No such file or directory
[0.865s] DEBUG:colcon.colcon_core.event_reactor:joined thread
[0.865s] INFO:colcon.colcon_core.shell:Creating prefix script '/home/haicoi/smart_camera_demo/install/local_setup.ps1'
[0.866s] INFO:colcon.colcon_core.shell:Creating prefix util module '/home/haicoi/smart_camera_demo/install/_local_setup_util_ps1.py'
[0.867s] INFO:colcon.colcon_core.shell:Creating prefix chain script '/home/haicoi/smart_camera_demo/install/setup.ps1'
[0.867s] INFO:colcon.colcon_core.shell:Creating prefix script '/home/haicoi/smart_camera_demo/install/local_setup.sh'
[0.868s] INFO:colcon.colcon_core.shell:Creating prefix util module '/home/haicoi/smart_camera_demo/install/_local_setup_util_sh.py'
[0.868s] INFO:colcon.colcon_core.shell:Creating prefix chain script '/home/haicoi/smart_camera_demo/install/setup.sh'
[0.869s] INFO:colcon.colcon_core.shell:Creating prefix script '/home/haicoi/smart_camera_demo/install/local_setup.bash'
[0.869s] INFO:colcon.colcon_core.shell:Creating prefix chain script '/home/haicoi/smart_camera_demo/install/setup.bash'
[0.870s] INFO:colcon.colcon_core.shell:Creating prefix script '/home/haicoi/smart_camera_demo/install/local_setup.zsh'
[0.870s] INFO:colcon.colcon_core.shell:Creating prefix chain script '/home/haicoi/smart_camera_demo/install/setup.zsh'
